TN:
SF:src\config\db.js
FNF:0
FNH:0
DA:1,2
DA:10,2
LF:2
LH:2
BRF:0
BRH:0
end_of_record
TN:
SF:src\controller\planet.js
FN:7,(anonymous_0)
FNF:1
FNH:1
FNDA:2,(anonymous_0)
DA:3,1
DA:4,1
DA:5,1
DA:7,1
DA:9,2
DA:10,2
DA:11,2
DA:13,2
DA:15,1
DA:16,1
DA:17,1
DA:18,1
DA:19,1
DA:21,1
DA:23,1
DA:27,1
DA:28,1
DA:33,1
DA:36,0
DA:39,2
DA:42,1
LF:21
LH:20
BRDA:13,0,0,1
BRDA:13,0,1,1
BRDA:17,1,0,0
BRDA:17,1,1,1
BRDA:27,2,0,1
BRDA:27,2,1,0
BRF:6
BRH:4
end_of_record
TN:
SF:src\controller\species.js
FN:6,(anonymous_0)
FNF:1
FNH:1
FNDA:2,(anonymous_0)
DA:3,1
DA:4,1
DA:6,1
DA:8,2
DA:9,2
DA:11,2
DA:12,2
DA:15,2
DA:17,0
DA:19,2
DA:22,1
LF:11
LH:10
BRDA:13,0,0,1
BRDA:13,0,1,1
BRF:2
BRH:2
end_of_record
TN:
SF:src\entity\species_entity.js
FNF:0
FNH:0
DA:1,2
DA:19,2
LF:2
LH:2
BRF:0
BRH:0
end_of_record
TN:
SF:src\helper\formatter_helper.js
FN:1,(anonymous_0)
FN:9,(anonymous_1)
FNF:2
FNH:1
FNDA:4,(anonymous_0)
FNDA:0,(anonymous_1)
DA:1,4
DA:9,2
LF:2
LH:2
BRDA:1,0,0,3
BRF:1
BRH:1
end_of_record
TN:
SF:src\helper\mapper_helper.js
FN:1,(anonymous_0)
FN:3,(anonymous_1)
FNF:2
FNH:2
FNDA:22,(anonymous_0)
FNDA:316,(anonymous_1)
DA:1,2
DA:2,22
DA:3,22
DA:4,316
DA:7,22
DA:10,2
LF:6
LH:6
BRF:0
BRH:0
end_of_record
TN:
SF:src\schema\planet_schema.js
FNF:0
FNH:0
DA:1,1
DA:3,1
DA:18,1
LF:3
LH:3
BRF:0
BRH:0
end_of_record
TN:
SF:src\service\planets_service.js
FN:4,(anonymous_0)
FN:21,(anonymous_1)
FN:28,(anonymous_2)
FN:35,(anonymous_3)
FNF:4
FNH:3
FNDA:3,(anonymous_0)
FNDA:2,(anonymous_1)
FNDA:0,(anonymous_2)
FNDA:2,(anonymous_3)
DA:1,2
DA:5,3
DA:22,2
DA:23,2
DA:24,2
DA:25,2
DA:29,0
DA:30,0
DA:31,0
DA:32,0
DA:36,2
DA:37,2
DA:38,2
DA:39,2
DA:40,2
DA:41,2
DA:42,2
DA:43,2
DA:47,2
LF:19
LH:15
BRF:0
BRH:0
end_of_record
TN:
SF:src\service\species_service.js
FN:7,(anonymous_0)
FN:11,(anonymous_1)
FN:14,(anonymous_2)
FN:18,(anonymous_3)
FNF:4
FNH:4
FNDA:3,(anonymous_0)
FNDA:2,(anonymous_1)
FNDA:20,(anonymous_2)
FNDA:2,(anonymous_3)
DA:1,2
DA:3,2
DA:4,2
DA:8,3
DA:12,2
DA:13,2
DA:14,20
DA:15,2
DA:19,2
DA:20,2
DA:21,2
DA:24,2
LF:12
LH:12
BRDA:8,0,0,3
BRDA:8,0,1,3
BRF:2
BRH:2
end_of_record
